<?xml version="1.0" encoding="UTF-8"?>
<testng-results skipped="0" failed="0" ignored="0" total="1" passed="1">
  <reporter-output>
    <line>
      <![CDATA[STEP1]]>
    </line>
    <line>
      <![CDATA[STEP2]]>
    </line>
    <line>
      <![CDATA[STEP3]]>
    </line>
    <line>
      <![CDATA[STEP4]]>
    </line>
    <line>
      <![CDATA[STEP5]]>
    </line>
    <line>
      <![CDATA[STEP6]]>
    </line>
    <line>
      <![CDATA[STEP7]]>
    </line>
  </reporter-output>
  <suite name="Default suite" duration-ms="20993" started-at="2020-06-24T16:34:51 IST" finished-at="2020-06-24T16:35:12 IST">
    <groups>
    </groups>
    <test name="Default test" duration-ms="20993" started-at="2020-06-24T16:34:51 IST" finished-at="2020-06-24T16:35:12 IST">
      <class name="com.clearcode.testsuite.TestSuite1">
        <test-method status="PASS" signature="launch()[pri:0, instance:com.clearcode.testsuite.TestSuite1@2d6eabae]" name="launch" is-config="true" duration-ms="8306" started-at="2020-06-24T16:34:51 IST" finished-at="2020-06-24T16:35:00 IST">
          <reporter-output>
            <line>
              <![CDATA[STEP1]]>
            </line>
          </reporter-output>
        </test-method> <!-- launch -->
        <test-method status="PASS" signature="loadUrl()[pri:0, instance:com.clearcode.testsuite.TestSuite1@2d6eabae]" name="loadUrl" is-config="true" duration-ms="7594" started-at="2020-06-24T16:35:00 IST" finished-at="2020-06-24T16:35:08 IST">
          <reporter-output>
            <line>
              <![CDATA[STEP2]]>
            </line>
            <line>
              <![CDATA[STEP3]]>
            </line>
          </reporter-output>
        </test-method> <!-- loadUrl -->
        <test-method status="PASS" signature="CreateStudent(java.lang.String, java.lang.String, java.lang.String, java.lang.String, java.lang.String, java.lang.String, java.lang.String)[pri:0, instance:com.clearcode.testsuite.TestSuite1@2d6eabae]" name="CreateStudent" duration-ms="4592" started-at="2020-06-24T16:35:08 IST" data-provider="RealEstateLoginData" finished-at="2020-06-24T16:35:12 IST">
          <params>
            <param index="0">
              <value>
                <![CDATA[Test Data 1]]>
              </value>
            </param>
            <param index="1">
              <value>
                <![CDATA[admin]]>
              </value>
            </param>
            <param index="2">
              <value>
                <![CDATA[admin@123]]>
              </value>
            </param>
            <param index="3">
              <value>
                <![CDATA[sandhya]]>
              </value>
            </param>
            <param index="4">
              <value>
                <![CDATA[sandhya.ramaiah14@gmail.com]]>
              </value>
            </param>
            <param index="5">
              <value>
                <![CDATA[Auto Test]]>
              </value>
            </param>
            <param index="6">
              <value>
                <![CDATA[Hi,

This is test message.

Thanks,
Sandhya]]>
              </value>
            </param>
          </params>
          <reporter-output>
            <line>
              <![CDATA[STEP4]]>
            </line>
            <line>
              <![CDATA[STEP5]]>
            </line>
            <line>
              <![CDATA[STEP6]]>
            </line>
            <line>
              <![CDATA[STEP7]]>
            </line>
          </reporter-output>
        </test-method> <!-- CreateStudent -->
        <test-method status="PASS" signature="close()[pri:0, instance:com.clearcode.testsuite.TestSuite1@2d6eabae]" name="close" is-config="true" duration-ms="1" started-at="2020-06-24T16:35:12 IST" finished-at="2020-06-24T16:35:12 IST">
          <reporter-output>
          </reporter-output>
        </test-method> <!-- close -->
      </class> <!-- com.clearcode.testsuite.TestSuite1 -->
    </test> <!-- Default test -->
  </suite> <!-- Default suite -->
</testng-results>
